Start testing: Dec 03 18:27 EST
----------------------------------------------------------
1/7 Testing: test_writer
1/7 Test: test_writer
Command: "/Users/abishekkumargiri/Desktop/data engineer/highperf-parquet:/build/tests/cpp/test_writer"
Directory: /Users/abishekkumargiri/Desktop/data engineer/highperf-parquet:/build/tests/cpp
"test_writer" start time: Dec 03 18:27 EST
Output:
----------------------------------------------------------
Running test_writer...
Closing writer for test_output.parquet
Adaptive: Selected Plain (Default)
Column 0 encoded 40 bytes.
Adaptive: Selected Plain (Default)
Column 1 encoded 20 bytes.
test_writer passed!
<end of output>
Test time =   0.00 sec
----------------------------------------------------------
Test Passed.
"test_writer" end time: Dec 03 18:27 EST
"test_writer" time elapsed: 00:00:00
----------------------------------------------------------

2/7 Testing: test_encodings
2/7 Test: test_encodings
Command: "/Users/abishekkumargiri/Desktop/data engineer/highperf-parquet:/build/tests/cpp/test_encodings"
Directory: /Users/abishekkumargiri/Desktop/data engineer/highperf-parquet:/build/tests/cpp
"test_encodings" start time: Dec 03 18:27 EST
Output:
----------------------------------------------------------
Testing BitPacking...
Encoded bytes: 88 c6 fa 
Testing RLE...
RLE Encoded size: 12
test_encodings passed!
<end of output>
Test time =   0.00 sec
----------------------------------------------------------
Test Passed.
"test_encodings" end time: Dec 03 18:27 EST
"test_encodings" time elapsed: 00:00:00
----------------------------------------------------------

3/7 Testing: test_gpu_compress
3/7 Test: test_gpu_compress
Command: "/Users/abishekkumargiri/Desktop/data engineer/highperf-parquet:/build/tests/cpp/test_gpu_compress"
Directory: /Users/abishekkumargiri/Desktop/data engineer/highperf-parquet:/build/tests/cpp
"test_gpu_compress" start time: Dec 03 18:27 EST
Output:
----------------------------------------------------------
Testing Direct GPU Compression...
Compression skipped (CUDA disabled).
Testing Writer Integration with GPU...
Closing writer for test_gpu_output.parquet
Adaptive: Selected RLE (width=6)
Column 0 GPU Compression failed/unsupported. Using raw.
Writer closed successfully.
test_gpu_compress passed!
<end of output>
Test time =   0.00 sec
----------------------------------------------------------
Test Passed.
"test_gpu_compress" end time: Dec 03 18:27 EST
"test_gpu_compress" time elapsed: 00:00:00
----------------------------------------------------------

4/7 Testing: test_adaptive
4/7 Test: test_adaptive
Command: "/Users/abishekkumargiri/Desktop/data engineer/highperf-parquet:/build/tests/cpp/test_adaptive"
Directory: /Users/abishekkumargiri/Desktop/data engineer/highperf-parquet:/build/tests/cpp
"test_adaptive" start time: Dec 03 18:27 EST
Output:
----------------------------------------------------------
Testing Adaptive Encoding Selection...
Closing writer for test_adaptive.parquet
Adaptive: Selected RLE (width=6)
Column 0 encoded 5 bytes.
Adaptive: Selected BitPack (width=3)
Column 1 encoded 375 bytes.
Adaptive: Selected BitPack (width=20)
Column 2 encoded 2500 bytes.
<end of output>
Test time =   0.00 sec
----------------------------------------------------------
Test Passed.
"test_adaptive" end time: Dec 03 18:27 EST
"test_adaptive" time elapsed: 00:00:00
----------------------------------------------------------

5/7 Testing: test_dict
5/7 Test: test_dict
Command: "/Users/abishekkumargiri/Desktop/data engineer/highperf-parquet:/build/tests/cpp/test_dict"
Directory: /Users/abishekkumargiri/Desktop/data engineer/highperf-parquet:/build/tests/cpp
"test_dict" start time: Dec 03 18:27 EST
Output:
----------------------------------------------------------
Testing Dictionary Encoding (INT64)...
DictEncoder: 7 values -> 3 unique entries.
Encoded size: 29 bytes.
PASS: Size (29) < Plain (56)
test_dict passed!
<end of output>
Test time =   0.00 sec
----------------------------------------------------------
Test Passed.
"test_dict" end time: Dec 03 18:27 EST
"test_dict" time elapsed: 00:00:00
----------------------------------------------------------

6/7 Testing: test_delta
6/7 Test: test_delta
Command: "/Users/abishekkumargiri/Desktop/data engineer/highperf-parquet:/build/tests/cpp/test_delta"
Directory: /Users/abishekkumargiri/Desktop/data engineer/highperf-parquet:/build/tests/cpp
"test_delta" start time: Dec 03 18:27 EST
Output:
----------------------------------------------------------
Testing Delta Encoding...
Encoded size: 47 bytes.
PASS: Size (47) << Plain (8000)
test_delta passed!
<end of output>
Test time =   0.00 sec
----------------------------------------------------------
Test Passed.
"test_delta" end time: Dec 03 18:27 EST
"test_delta" time elapsed: 00:00:00
----------------------------------------------------------

7/7 Testing: test_bloom
7/7 Test: test_bloom
Command: "/Users/abishekkumargiri/Desktop/data engineer/highperf-parquet:/build/tests/cpp/test_bloom"
Directory: /Users/abishekkumargiri/Desktop/data engineer/highperf-parquet:/build/tests/cpp
"test_bloom" start time: Dec 03 18:27 EST
Output:
----------------------------------------------------------
Testing Bloom Filter...
False Positive Rate: 4.6% (Expected < 5%)
PASS: Bloom Filter verified.
<end of output>
Test time =   0.00 sec
----------------------------------------------------------
Test Passed.
"test_bloom" end time: Dec 03 18:27 EST
"test_bloom" time elapsed: 00:00:00
----------------------------------------------------------

End testing: Dec 03 18:27 EST
